<?xml version="1.0" encoding="UTF-8"?>
<!-- Generated by org.testng.reporters.JUnitXMLReporter -->
<testsuite ignored="0" hostname="GT0349" failures="0" tests="3" name="Default test" time="76.479" errors="0" timestamp="2024-09-24T20:11:08 IST">
  <testcase classname="testingpraco.TestingPraco" name="verifyCategoryList" time="30.497"/>
  <testcase classname="testingpraco.TestingPraco" name="verifyDoctorDetailsTimeSlotAndDate" time="28.119"/>
  <testcase classname="testingpraco.TestingPraco" name="validateFilterValues" time="17.805"/>
</testsuite> <!-- Default test -->
