<?xml version="1.0" encoding="UTF-8"?>
<!-- Generated by org.testng.reporters.JUnitXMLReporter -->
<testsuite ignored="0" hostname="GT0349" failures="0" tests="3" name="test1" time="76.895" errors="0" timestamp="2024-09-24T20:15:10 IST">
  <testcase classname="testingpraco.TestingPraco" name="verifyCategoryList" time="30.258"/>
  <testcase classname="testingpraco.TestingPraco" name="verifyDoctorDetailsTimeSlotAndDate" time="28.438"/>
  <testcase classname="testingpraco.TestingPraco" name="validateFilterValues" time="18.148"/>
</testsuite> <!-- test1 -->
