<?xml version="1.0" encoding="UTF-8"?>
<testng-results ignored="0" total="3" passed="3" failed="0" skipped="0">
  <reporter-output>
  </reporter-output>
  <suite started-at="2024-09-24T20:13:53 IST" name="suite1" finished-at="2024-09-24T20:15:10 IST" duration-ms="76895">
    <groups>
    </groups>
    <test started-at="2024-09-24T20:13:53 IST" name="test1" finished-at="2024-09-24T20:15:10 IST" duration-ms="76895">
      <class name="testingpraco.TestingPraco">
        <test-method signature="verifyCategoryList()[pri:1, instance:testingpraco.TestingPraco@7db12bb6]" started-at="2024-09-24T20:13:53 IST" name="verifyCategoryList" finished-at="2024-09-24T20:14:23 IST" duration-ms="30258" status="PASS">
          <reporter-output>
          </reporter-output>
        </test-method> <!-- verifyCategoryList -->
        <test-method signature="verifyDoctorDetailsTimeSlotAndDate()[pri:2, instance:testingpraco.TestingPraco@7db12bb6]" started-at="2024-09-24T20:14:23 IST" name="verifyDoctorDetailsTimeSlotAndDate" finished-at="2024-09-24T20:14:52 IST" duration-ms="28438" status="PASS">
          <reporter-output>
          </reporter-output>
        </test-method> <!-- verifyDoctorDetailsTimeSlotAndDate -->
        <test-method signature="validateFilterValues()[pri:3, instance:testingpraco.TestingPraco@7db12bb6]" started-at="2024-09-24T20:14:52 IST" name="validateFilterValues" finished-at="2024-09-24T20:15:10 IST" duration-ms="18148" status="PASS">
          <reporter-output>
          </reporter-output>
        </test-method> <!-- validateFilterValues -->
      </class> <!-- testingpraco.TestingPraco -->
    </test> <!-- test1 -->
  </suite> <!-- suite1 -->
</testng-results>
